Fecha: 2025-07-05 23:54:48
Para: marisolroblesnunez@gmail.com
Asunto: Verificación de cuenta
Mensaje:
Por favor, verifica tu cuenta haciendo clic en este enlace: http://localhost/GIMNASIO-MAIN/admin/verificar.php?token=b9606fd8ab49f89b746d19c86868777615c41863ca5e97f758e43f3c9897f028
__________________________________________

Fecha: 2025-07-05 23:56:48
Para: lolita@gmail.com
Asunto: Verificación de cuenta
Mensaje:
Por favor, verifica tu cuenta haciendo clic en este enlace: http://localhost/GIMNASIO-MAIN/admin/verificar.php?token=44ed923f6bde099e1779227faf116080c5876f853d43993791d999c74e1bfbf9
__________________________________________

Fecha: 2025-07-05 23:57:26
Para: marisolroblesnunez@gmail.com
Asunto: Recuperación de contraseña
Mensaje:
Para restablecer tu contraseña, haz click en este enlace: http://localhost/GIMNASIO-MAIN/admin/restablecer.php?token=b901e4ff3687966ab2368b35350d5249b915e6de7493d59379749181961bf0b3
__________________________________________

Fecha: 2025-07-06 00:07:50
Para: chulita@gmail.com
Asunto: Verificación de cuenta
Mensaje:
Por favor, verifica tu cuenta haciendo clic en este enlace: http://localhost/GIMNASIO-MAIN/admin/verificar.php?token=7b22b16fe9c56c03b7ccc7bcfcbc62fed7a1790d7673e27a54ef9b206d2d3cde
__________________________________________

Fecha: 2025-07-06 00:08:52
Para: culo@gmail.com
Asunto: Verificación de cuenta
Mensaje:
Por favor, verifica tu cuenta haciendo clic en este enlace: http://localhost/GIMNASIO-MAIN/admin/verificar.php?token=2d9b33d7a0851c0853ddb3c0ea5180871e85de6172ce85bb9dda6db4db7a9251
__________________________________________

Fecha: 2025-07-06 00:17:46
Para: ss@gmail.com
Asunto: Verificación de cuenta
Mensaje:
Por favor, verifica tu cuenta haciendo clic en este enlace: http://localhost/GIMNASIO-MAIN/admin/verificar.php?token=cef194964ea58ca647fea0058159861e8e1a9db488f354268fc51143e0233ca8
__________________________________________

Fecha: 2025-07-06 00:19:13
Para: alberto@gmail.com
Asunto: Verificación de cuenta
Mensaje:
Por favor, verifica tu cuenta haciendo clic en este enlace: http://localhost/GIMNASIO-MAIN/admin/verificar.php?token=78a25271fdc01d827bb07f83d075822ddbc9faf1792d8c5804872e778578848e
__________________________________________

Fecha: 2025-07-08 14:21:50
Para: uu@gmail.com
Asunto: Verificación de cuenta
Mensaje:
Por favor, verifica tu cuenta haciendo clic en este enlace: http://localhost/GIMNASIO-MAIN/admin/verificar.php?token=27bd724f1bf622d491a7e727ae6328c551cd1812ce93e76f3b796c9d495d092c
__________________________________________

Fecha: 2025-07-09 23:52:46
Para: ii@gmail.com
Asunto: Verificación de cuenta
Mensaje:
Por favor, verifica tu cuenta haciendo clic en este enlace: http://localhost/GIMNASIO-MAIN/admin/verificar.php?token=260161714aeff92ae0c7d70256f5c55b9466f4034e18c40d167c29efa62d4acf
__________________________________________

Fecha: 2025-07-10 22:56:05
Para: jj@gmail.com
Asunto: Verificación de cuenta
Mensaje:
Por favor, verifica tu cuenta haciendo clic en este enlace: http://localhost/GIMNASIO-MAIN/admin/verificar.php?token=d5f482f010c0b2a562f0e5f46d1400e0a62143a6669ef654b47609f257bbb593
__________________________________________

Fecha: 2025-07-10 23:34:07
Para: ui@gmail.com
Asunto: Verificación de cuenta
Mensaje:
Por favor, verifica tu cuenta haciendo clic en este enlace: http://localhost/gimnasio9del7/admin/verificar.php?token=fd4480d0638c725440d31b4cc8c26807f7e74c06c84be5c4a2cf1d62e0d94ec5
__________________________________________

